<?xml version="1.0" encoding="UTF-8"?>
<testng-results ignored="0" total="1" passed="1" failed="0" skipped="0">
  <reporter-output>
  </reporter-output>
  <suite started-at="2021-09-08T16:46:09 UYT" name="Default Suite" finished-at="2021-09-08T16:46:50 UYT" duration-ms="41270">
    <groups>
    </groups>
    <test started-at="2021-09-08T16:46:09 UYT" name="Mannhein" finished-at="2021-09-08T16:46:50 UYT" duration-ms="41270">
      <class name="PurchaseTest">
        <test-method is-config="true" signature="setUp()[pri:0, instance:PurchaseTest@5aa9e4eb]" started-at="2021-09-08T16:46:09 UYT" name="setUp" finished-at="2021-09-08T16:46:15 UYT" duration-ms="6286" status="PASS">
          <reporter-output>
          </reporter-output>
        </test-method> <!-- setUp -->
        <test-method signature="SuccessPurchaseTest()[pri:0, instance:PurchaseTest@5aa9e4eb]" started-at="2021-09-08T16:46:15 UYT" name="SuccessPurchaseTest" finished-at="2021-09-08T16:46:46 UYT" duration-ms="30720" status="PASS">
          <reporter-output>
          </reporter-output>
        </test-method> <!-- SuccessPurchaseTest -->
        <test-method is-config="true" signature="tearDown()[pri:0, instance:PurchaseTest@5aa9e4eb]" started-at="2021-09-08T16:46:46 UYT" name="tearDown" finished-at="2021-09-08T16:46:50 UYT" duration-ms="4172" status="PASS">
          <reporter-output>
          </reporter-output>
        </test-method> <!-- tearDown -->
      </class> <!-- PurchaseTest -->
    </test> <!-- Mannhein -->
  </suite> <!-- Default Suite -->
</testng-results>
